2017-11-24 23:58:27 warning Route does not found: favicon.ico
2017-11-24 23:58:28 warning Route does not found: favicon.ico
2017-11-24 23:58:29 warning Route does not found: favicon.ico
2017-11-24 23:58:30 info Access denied. You can not delete not NEW request
2017-11-24 23:58:30 warning Route does not found: favicon.ico
2017-11-24 23:58:31 warning Route does not found: favicon.ico
2017-11-25 13:35:59 warning Route does not found: favicon.ico
2017-11-25 13:36:00 warning Route does not found: favicon.ico
2017-11-25 13:36:01 warning Route does not found: favicon.ico
2017-11-25 13:36:02 warning Route does not found: favicon.ico
2017-11-25 13:36:06 warning Route does not found: requestsf
2017-11-25 13:36:06 warning Route does not found: favicon.ico
2017-11-25 13:42:32 warning Route does not found: requestsf
2017-11-25 13:42:32 warning Route does not found: favicon.ico
2017-11-25 13:52:47 warning Route does not found: requestsf
2017-11-25 13:52:47 warning Route does not found: favicon.ico
2017-11-25 14:17:54 warning Route does not found: requestsf
2017-11-25 14:17:54 warning Route does not found: favicon.ico
2017-11-25 14:17:58 warning Route does not found: request
2017-11-25 14:17:58 warning Route does not found: favicon.ico
2017-11-25 14:18:02 warning Route does not found: favicon.ico
2017-11-25 14:18:04 warning Route does not found: favicon.ico
2017-11-25 14:18:05 info Access denied
2017-11-25 14:18:05 warning Route does not found: favicon.ico
2017-11-25 14:18:08 warning Route does not found: favicon.ico
2017-11-25 14:18:10 info Access denied
2017-11-25 14:18:10 warning Route does not found: favicon.ico
2017-11-25 14:18:46 warning Route does not found: favicon.ico
2017-11-25 14:18:49 warning Route does not found: favicon.ico
2017-11-25 14:19:48 warning Route does not found: favicon.ico
2017-11-25 14:19:51 warning Route does not found: favicon.ico
2017-11-25 14:19:52 warning Route does not found: favicon.ico
2017-11-25 14:19:54 warning Route does not found: favicon.ico
2017-11-25 14:19:55 warning Route does not found: favicon.ico
2017-11-25 14:19:57 warning Route does not found: favicon.ico
2017-11-25 14:26:01 warning Route does not found: favicon.ico
2017-11-25 14:26:04 warning Route does not found: favicon.ico
2017-11-25 14:26:11 warning Route does not found: favicon.ico
2017-11-25 14:26:12 warning Route does not found: favicon.ico
2017-11-25 14:26:21 warning Route does not found: favicon.ico
2017-11-25 14:26:26 warning Route does not found: favicon.ico
2017-11-25 14:26:29 warning Route does not found: favicon.ico
2017-11-25 14:26:43 info User has not enough days
2017-11-25 14:26:43 warning Route does not found: favicon.ico
2017-11-25 14:26:46 info User has not enough days
2017-11-25 14:26:46 warning Route does not found: favicon.ico
2017-11-25 14:26:48 info User has not enough days
2017-11-25 14:26:48 warning Route does not found: favicon.ico
2017-11-25 14:26:48 info User has not enough days
2017-11-25 14:26:48 warning Route does not found: favicon.ico
2017-11-25 14:26:51 warning Route does not found: favicon.ico
2017-11-25 14:27:15 warning Route does not found: favicon.ico
2017-11-25 14:28:11 warning Route does not found: favicon.ico
2017-11-25 14:28:35 warning Route does not found: favicon.ico
2017-11-25 14:29:19 warning Route does not found: favicon.ico
2017-11-25 14:29:37 warning Route does not found: favicon.ico
2017-11-25 14:29:52 warning Route does not found: favicon.ico
2017-11-25 14:30:03 warning Route does not found: favicon.ico
2017-11-25 14:30:04 warning Route does not found: favicon.ico
2017-11-25 14:30:07 warning Route does not found: favicon.ico
2017-11-25 14:30:13 warning Route does not found: favicon.ico
2017-11-25 14:30:15 info User has not enough days
2017-11-25 14:30:15 warning Route does not found: favicon.ico
2017-11-25 14:44:34 warning Route does not found: favicon.ico
2017-11-25 14:45:28 warning Route does not found: favicon.ico
2017-11-25 14:45:32 warning Route does not found: favicon.ico
2017-11-25 14:45:32 warning Route does not found: favicon.ico
2017-11-25 14:45:33 warning Route does not found: favicon.ico
2017-11-25 14:45:34 warning Route does not found: favicon.ico
2017-11-25 14:45:35 warning Route does not found: favicon.ico
2017-11-25 14:45:35 warning Route does not found: favicon.ico
2017-11-25 14:45:36 warning Route does not found: favicon.ico
2017-11-25 14:46:04 warning Route does not found: favicon.ico
2017-11-25 14:46:06 info Access denied. You can not view this request
2017-11-25 14:46:06 warning Route does not found: favicon.ico
2017-11-25 14:46:09 info Access denied. You can not view this request
2017-11-25 14:46:09 warning Route does not found: favicon.ico
2017-11-25 14:46:15 warning Route does not found: favicon.ico
2017-11-25 14:46:18 warning Route does not found: favicon.ico
2017-11-25 14:46:21 warning Route does not found: favicon.ico
2017-11-25 14:46:22 warning Route does not found: favicon.ico
2017-11-25 14:46:24 warning Route does not found: favicon.ico
2017-11-25 14:46:27 warning Route does not found: favicon.ico
2017-11-25 14:46:28 warning Route does not found: favicon.ico
2017-11-25 14:46:29 warning Route does not found: favicon.ico
2017-11-25 14:46:29 warning Route does not found: favicon.ico
2017-11-25 14:46:34 warning Route does not found: favicon.ico
2017-11-25 14:46:50 warning Route does not found: favicon.ico
2017-11-25 14:46:55 info User has not enough days
2017-11-25 14:46:55 warning Route does not found: favicon.ico
2017-11-25 14:46:58 warning Route does not found: favicon.ico
2017-11-25 14:47:00 info User has not enough days
2017-11-25 14:47:01 warning Route does not found: favicon.ico
2017-11-25 14:47:48 warning Route does not found: favicon.ico
2017-11-25 14:47:58 warning Route does not found: favicon.ico
2017-11-25 14:47:59 warning Route does not found: favicon.ico
2017-11-25 14:48:06 warning Route does not found: favicon.ico
2017-11-25 14:48:08 warning Route does not found: favicon.ico
2017-11-25 14:48:12 warning Route does not found: favicon.ico
2017-11-25 14:48:46 warning Route does not found: favicon.ico
2017-11-25 14:48:48 warning Route does not found: favicon.ico
2017-11-25 14:48:54 warning Route does not found: favicon.ico
2017-11-25 14:49:33 warning Route does not found: favicon.ico
2017-11-25 14:49:37 warning Route does not found: favicon.ico
2017-11-25 14:49:40 info User has not enough days
2017-11-25 14:49:40 warning Route does not found: favicon.ico
2017-11-25 14:50:55 info User has not enough days
2017-11-25 14:50:55 warning Route does not found: favicon.ico
2017-11-25 14:51:01 warning Route does not found: favicon.ico
2017-11-25 14:51:05 warning Route does not found: favicon.ico
2017-11-25 14:51:08 warning Route does not found: favicon.ico
2017-11-25 14:51:13 warning Route does not found: favicon.ico
2017-11-25 14:51:18 warning Route does not found: favicon.ico
2017-11-25 14:51:20 warning Route does not found: favicon.ico
2017-11-25 14:51:43 warning Route does not found: favicon.ico
2017-11-25 14:51:44 warning Route does not found: favicon.ico
2017-11-25 14:51:46 info Access denied
2017-11-25 14:51:46 warning Route does not found: favicon.ico
2017-11-25 14:51:48 info Access denied
2017-11-25 14:51:48 warning Route does not found: favicon.ico
2017-11-25 14:51:48 info Access denied
2017-11-25 14:51:49 warning Route does not found: favicon.ico
2017-11-25 14:51:49 info Access denied
2017-11-25 14:51:49 warning Route does not found: favicon.ico
2017-11-25 14:51:50 info Access denied
2017-11-25 14:51:50 warning Route does not found: favicon.ico
2017-11-25 14:51:50 info Access denied
2017-11-25 14:51:50 warning Route does not found: favicon.ico
2017-11-25 14:51:50 info Access denied
2017-11-25 14:51:51 warning Route does not found: favicon.ico
2017-11-25 14:51:51 info Access denied
2017-11-25 14:51:51 warning Route does not found: favicon.ico
2017-11-25 14:51:51 info Access denied
2017-11-25 14:51:51 warning Route does not found: favicon.ico
2017-11-25 14:51:51 info Access denied
2017-11-25 14:51:51 warning Route does not found: favicon.ico
2017-11-25 14:51:51 info Access denied
2017-11-25 14:51:51 warning Route does not found: favicon.ico
2017-11-25 14:51:51 info Access denied
2017-11-25 14:51:52 warning Route does not found: favicon.ico
2017-11-25 14:51:52 info Access denied
2017-11-25 14:51:52 warning Route does not found: favicon.ico
2017-11-25 14:51:52 info Access denied
2017-11-25 14:51:52 warning Route does not found: favicon.ico
2017-11-25 14:51:52 info Access denied
2017-11-25 14:51:52 warning Route does not found: favicon.ico
2017-11-25 14:51:55 warning Route does not found: favicon.ico
2017-11-25 14:51:58 warning Route does not found: favicon.ico
2017-11-25 14:52:03 warning Route does not found: favicon.ico
2017-11-25 14:52:04 warning Route does not found: favicon.ico
2017-11-25 14:52:07 warning Route does not found: favicon.ico
2017-11-25 14:52:16 warning Route does not found: favicon.ico
2017-11-25 14:52:30 warning Route does not found: favicon.ico
2017-11-25 14:52:58 info Access denied. You can not change status for not NEW request
2017-11-25 14:52:58 warning Route does not found: favicon.ico
2017-11-25 14:53:02 warning Route does not found: favicon.ico
2017-11-25 14:53:05 warning Route does not found: favicon.ico
2017-11-25 14:53:10 warning Route does not found: favicon.ico
2017-11-25 14:56:57 warning Route does not found: favicon.ico
2017-11-25 14:57:03 info User has not enough days
2017-11-25 14:57:03 warning Route does not found: favicon.ico
2017-11-25 14:57:06 warning Route does not found: favicon.ico
2017-11-25 15:03:15 warning Route does not found: favicon.ico
2017-11-25 15:03:16 warning Route does not found: favicon.ico
2017-11-25 15:03:17 warning Route does not found: favicon.ico
2017-11-25 15:03:19 warning Route does not found: favicon.ico
2017-11-25 15:03:20 warning Route does not found: favicon.ico
2017-11-25 15:03:21 warning Route does not found: favicon.ico
2017-11-25 15:03:21 warning Route does not found: favicon.ico
2017-11-27 23:30:13 warning Route does not found: favicon.ico
2017-11-28 00:02:22 warning Route does not found: favicon.ico
2017-11-28 00:02:24 warning Route does not found: favicon.ico
2017-11-28 00:02:24 warning Route does not found: favicon.ico
2017-11-28 00:02:24 warning Route does not found: favicon.ico
2017-11-28 00:02:24 warning Route does not found: favicon.ico
2017-11-28 00:02:24 warning Route does not found: favicon.ico
2017-11-28 00:02:25 warning Route does not found: favicon.ico
2017-11-28 00:02:25 warning Route does not found: favicon.ico
2017-11-28 00:02:48 warning Route does not found: favicon.ico
2017-11-28 00:02:50 warning Route does not found: favicon.ico
2017-11-28 00:02:50 warning Route does not found: favicon.ico
2017-11-28 00:02:52 warning Route does not found: favicon.ico
2017-11-28 00:02:53 warning Route does not found: favicon.ico
2017-11-28 00:09:18 warning Route does not found: favicon.ico
2017-11-28 00:09:19 warning Route does not found: favicon.ico
2017-11-28 00:09:20 warning Route does not found: favicon.ico
2017-11-28 00:09:21 warning Route does not found: favicon.ico
2017-11-28 00:09:22 warning Route does not found: favicon.ico
2017-11-28 00:26:19 warning Route does not found: favicon.ico
2017-11-28 00:26:21 warning Route does not found: favicon.ico
2017-11-28 00:26:21 warning Route does not found: favicon.ico
2017-11-28 00:26:22 warning Route does not found: favicon.ico
2017-11-28 00:26:23 warning Route does not found: favicon.ico
2017-11-28 00:26:23 warning Route does not found: favicon.ico
2017-11-28 00:26:25 warning Route does not found: leaved
2017-11-28 00:26:25 warning Route does not found: favicon.ico
2017-11-28 00:26:26 warning Route does not found: favicon.ico
2017-11-28 00:26:27 warning Route does not found: favicon.ico
2017-11-28 00:26:28 warning Route does not found: favicon.ico
2017-11-28 00:33:22 warning Route does not found: favicon.ico
2017-11-28 00:33:23 warning Route does not found: favicon.ico
2017-11-28 00:33:23 warning Route does not found: favicon.ico
2017-11-28 00:33:25 warning Route does not found: favicon.ico
2017-11-28 00:48:12 warning Route does not found: favicon.ico
2017-11-28 00:48:49 warning Route does not found: favicon.ico
2017-11-28 00:49:02 warning Route does not found: favicon.ico
2017-11-28 00:49:03 warning Route does not found: favicon.ico
2017-11-28 00:49:17 warning Route does not found: favicon.ico
2017-11-28 00:49:18 warning Route does not found: favicon.ico
2017-11-28 00:49:19 warning Route does not found: favicon.ico
2017-11-28 00:49:20 warning Route does not found: favicon.ico
2017-11-28 00:49:22 warning Route does not found: favicon.ico
2017-11-28 00:49:23 warning Route does not found: favicon.ico
2017-11-28 00:49:50 warning Route does not found: favicon.ico
2017-11-28 01:00:11 warning Route does not found: favicon.ico
2017-11-28 01:00:12 warning Route does not found: favicon.ico
2017-11-28 01:00:13 warning Route does not found: favicon.ico
2017-11-28 01:00:15 warning Route does not found: favicon.ico
2017-11-28 01:00:15 warning Route does not found: favicon.ico
2017-11-28 01:00:16 warning Route does not found: favicon.ico
2017-11-28 01:00:17 warning Route does not found: favicon.ico
2017-11-28 02:12:19 warning Route does not found: favicon.ico
2017-11-28 02:13:07 warning Route does not found: favicon.ico
2017-11-28 02:13:25 warning Route does not found: favicon.ico
2017-11-28 02:14:45 warning Route does not found: favicon.ico
2017-11-28 02:15:20 warning Route does not found: favicon.ico
2017-11-28 02:16:40 warning Route does not found: favicon.ico
2017-11-28 02:19:20 warning Route does not found: favicon.ico
2017-11-28 02:19:46 warning Route does not found: favicon.ico
2017-11-28 02:21:46 warning Route does not found: favicon.ico
2017-11-28 02:22:52 warning Route does not found: favicon.ico
2017-11-28 02:22:53 warning Route does not found: favicon.ico
2017-11-28 02:22:53 warning Route does not found: favicon.ico
2017-11-28 02:22:53 warning Route does not found: favicon.ico
2017-11-28 02:23:23 warning Route does not found: favicon.ico
2017-11-28 02:23:23 warning Route does not found: favicon.ico
2017-11-28 02:24:00 warning Route does not found: favicon.ico
2017-11-28 02:25:44 warning Route does not found: favicon.ico
2017-11-28 02:26:01 warning Route does not found: favicon.ico
2017-11-28 02:26:17 warning Route does not found: favicon.ico
2017-11-28 02:26:18 warning Route does not found: favicon.ico
2017-11-28 02:26:41 warning Route does not found: favicon.ico
2017-11-28 02:26:42 warning Route does not found: favicon.ico
2017-11-28 02:30:41 warning Route does not found: favicon.ico
2017-11-28 02:34:29 warning Route does not found: favicon.ico
2017-11-28 02:35:32 warning Route does not found: favicon.ico
2017-11-28 02:36:00 warning Route does not found: favicon.ico
2017-11-28 02:36:01 warning Route does not found: favicon.ico
2017-11-28 02:36:01 warning Route does not found: favicon.ico
2017-11-28 02:36:01 warning Route does not found: favicon.ico
2017-11-28 02:36:02 warning Route does not found: favicon.ico
2017-11-28 02:36:02 warning Route does not found: favicon.ico
2017-11-28 02:36:02 warning Route does not found: favicon.ico
2017-11-28 02:36:02 warning Route does not found: favicon.ico
2017-11-28 02:36:02 warning Route does not found: favicon.ico
2017-11-28 02:36:02 warning Route does not found: favicon.ico
2017-11-28 02:36:03 warning Route does not found: favicon.ico
2017-11-28 02:37:04 warning Route does not found: favicon.ico
2017-11-28 02:37:16 warning Route does not found: favicon.ico
2017-11-28 02:38:07 warning Route does not found: favicon.ico
2017-11-28 02:39:05 warning Route does not found: favicon.ico
2017-11-28 02:39:20 info Access denied
2017-11-28 02:39:20 info Access denied
2017-11-28 02:39:20 warning Route does not found: favicon.ico
2017-11-28 02:39:20 info Access denied
2017-11-28 02:41:18 info Access denied
2017-11-28 02:41:18 info Access denied
2017-11-28 02:41:18 warning Route does not found: favicon.ico
2017-11-28 02:41:18 info Access denied
2017-11-28 02:42:22 info Access denied
2017-11-28 02:42:22 info Access denied
2017-11-28 02:42:22 warning Route does not found: favicon.ico
2017-11-28 02:42:22 info Access denied
2017-11-28 02:42:22 info Access denied
2017-11-28 02:42:22 info Access denied
2017-11-28 02:42:22 warning Route does not found: favicon.ico
2017-11-28 02:42:22 info Access denied
2017-11-28 02:42:22 info Access denied
2017-11-28 02:42:22 info Access denied
2017-11-28 02:42:22 warning Route does not found: favicon.ico
2017-11-28 02:42:22 info Access denied
2017-11-28 02:42:22 info Access denied
2017-11-28 02:42:22 info Access denied
2017-11-28 02:42:22 warning Route does not found: favicon.ico
2017-11-28 02:42:22 info Access denied
2017-11-28 02:42:22 info Access denied
2017-11-28 02:42:22 info Access denied
2017-11-28 02:42:23 warning Route does not found: favicon.ico
2017-11-28 02:42:23 info Access denied
2017-11-28 02:42:23 info Access denied
2017-11-28 02:42:23 info Access denied
2017-11-28 02:42:23 warning Route does not found: favicon.ico
2017-11-28 02:42:23 info Access denied
2017-11-28 02:42:23 info Access denied
2017-11-28 02:42:23 info Access denied
2017-11-28 02:42:23 warning Route does not found: favicon.ico
2017-11-28 02:42:23 info Access denied
2017-11-28 02:42:23 info Access denied
2017-11-28 02:42:23 info Access denied
2017-11-28 02:42:23 warning Route does not found: favicon.ico
2017-11-28 02:42:23 info Access denied
2017-11-28 02:42:27 info Access denied
2017-11-28 02:42:27 info Access denied
2017-11-28 02:42:27 warning Route does not found: favicon.ico
2017-11-28 02:42:27 info Access denied
2017-11-28 02:42:29 info Access denied
2017-11-28 02:42:29 info Access denied
2017-11-28 02:42:29 warning Route does not found: favicon.ico
2017-11-28 02:42:29 info Access denied
2017-11-28 02:42:30 info Access denied
2017-11-28 02:42:30 info Access denied
2017-11-28 02:42:30 warning Route does not found: favicon.ico
2017-11-28 02:42:30 info Access denied
2017-11-28 02:42:30 info Access denied
2017-11-28 02:42:30 info Access denied
2017-11-28 02:42:30 warning Route does not found: favicon.ico
2017-11-28 02:42:30 info Access denied
2017-11-28 02:42:30 info Access denied
2017-11-28 02:42:30 info Access denied
2017-11-28 02:42:30 warning Route does not found: favicon.ico
2017-11-28 02:42:30 info Access denied
2017-11-28 02:42:30 info Access denied
2017-11-28 02:42:30 info Access denied
2017-11-28 02:42:30 warning Route does not found: favicon.ico
2017-11-28 02:42:30 info Access denied
2017-11-28 02:42:30 info Access denied
2017-11-28 02:42:30 info Access denied
2017-11-28 02:42:30 warning Route does not found: favicon.ico
2017-11-28 02:42:30 info Access denied
2017-11-28 02:42:30 info Access denied
2017-11-28 02:42:30 info Access denied
2017-11-28 02:42:30 warning Route does not found: favicon.ico
2017-11-28 02:42:30 info Access denied
2017-11-28 02:42:31 info Access denied
2017-11-28 02:42:31 info Access denied
2017-11-28 02:42:31 warning Route does not found: favicon.ico
2017-11-28 02:42:31 info Access denied
2017-11-28 02:42:31 info Access denied
2017-11-28 02:42:31 info Access denied
2017-11-28 02:42:31 warning Route does not found: favicon.ico
2017-11-28 02:42:31 info Access denied
2017-11-28 02:42:31 info Access denied
2017-11-28 02:42:31 info Access denied
2017-11-28 02:42:31 warning Route does not found: favicon.ico
2017-11-28 02:42:31 info Access denied
2017-11-28 02:42:41 warning Route does not found: favicon.ico
2017-11-28 02:42:43 info Access denied
2017-11-28 02:42:43 warning Route does not found: favicon.ico
2017-11-28 02:42:56 warning Route does not found: favicon.ico
2017-11-28 02:42:58 warning Route does not found: favicon.ico
2017-11-28 02:42:59 warning Route does not found: favicon.ico
2017-11-28 02:43:01 warning Route does not found: favicon.ico
2017-11-28 02:43:02 warning Route does not found: favicon.ico
2017-11-28 02:43:25 info Access denied
2017-11-28 02:43:25 info Access denied
2017-11-28 02:43:25 warning Route does not found: favicon.ico
2017-11-28 02:43:25 info Access denied
2017-11-28 02:43:31 info Access denied
2017-11-28 02:43:31 info Access denied
2017-11-28 02:43:31 warning Route does not found: favicon.ico
2017-11-28 02:43:31 info Access denied
2017-11-28 02:45:44 info Access denied
2017-11-28 02:45:44 info Access denied
2017-11-28 02:45:44 info Access denied
2017-11-28 02:45:44 info Access denied
2017-11-28 02:45:44 info Access denied
2017-11-28 02:45:44 info Access denied
2017-11-28 02:45:45 info Access denied
2017-11-28 02:45:45 info Access denied
2017-11-28 02:45:45 info Access denied
2017-11-28 02:45:45 info Access denied
2017-11-28 02:45:45 info Access denied
2017-11-28 02:45:45 info Access denied
2017-11-28 02:45:45 info Access denied
2017-11-28 02:45:45 info Access denied
2017-11-28 02:45:45 info Access denied
2017-11-28 02:45:45 info Access denied
2017-11-28 02:45:45 info Access denied
2017-11-28 02:45:45 info Access denied
2017-11-28 02:45:46 info Access denied
2017-11-28 02:45:46 info Access denied
2017-11-28 02:45:46 info Access denied
2017-11-28 02:45:46 info Access denied
2017-11-28 02:45:46 info Access denied
2017-11-28 02:45:46 info Access denied
2017-11-28 02:45:46 info Access denied
2017-11-28 02:45:46 info Access denied
2017-11-28 02:45:46 info Access denied
2017-11-28 02:45:46 info Access denied
2017-11-28 02:45:46 info Access denied
2017-11-28 02:45:46 info Access denied
2017-11-28 02:45:47 info Access denied
2017-11-28 02:45:47 info Access denied
2017-11-28 02:45:47 info Access denied
2017-11-28 02:45:47 info Access denied
2017-11-28 02:45:47 info Access denied
2017-11-28 02:45:47 info Access denied
2017-11-28 02:45:47 info Access denied
2017-11-28 02:45:47 info Access denied
2017-11-28 02:45:47 info Access denied
2017-11-28 02:45:47 info Access denied
2017-11-28 02:45:48 info Access denied
2017-11-28 02:45:48 info Access denied
2017-11-28 02:45:48 info Access denied
2017-11-28 02:45:48 info Access denied
2017-11-28 02:45:48 info Access denied
2017-11-28 02:45:48 info Access denied
2017-11-28 02:45:49 info Access denied
2017-11-28 02:45:49 info Access denied
2017-11-28 02:47:56 info Access denied
2017-11-28 02:47:56 info Access denied
2017-11-28 02:47:58 info Access denied
2017-11-28 02:47:58 info Access denied
2017-11-28 02:47:58 warning Route does not found: favicon.ico
2017-11-28 02:47:58 info Access denied
2017-11-28 02:48:04 info Access denied
2017-11-28 02:48:04 info Access denied
2017-11-28 02:48:04 warning Route does not found: favicon.ico
2017-11-28 02:48:04 info Access denied
2017-11-28 02:48:11 info Access denied
2017-11-28 02:48:11 info Access denied
2017-11-28 02:48:11 warning Route does not found: favicon.ico
2017-11-28 02:48:11 info Access denied
2017-11-28 02:48:31 info Access denied
2017-11-28 02:48:31 warning Route does not found: favicon.ico
2017-11-28 02:48:32 info Access denied
2017-11-28 02:48:32 warning Route does not found: favicon.ico
2017-11-28 02:48:54 info Access denied
2017-11-28 02:48:54 info Access denied
2017-11-28 02:48:54 warning Route does not found: favicon.ico
2017-11-28 02:48:54 info Access denied
2017-11-28 02:50:21 info Access denied: \Controller\IndexController -> actionIndex
2017-11-28 02:50:21 info Access denied: \Controller\ErrorController -> actionServer
2017-11-28 02:50:21 warning Route does not found: favicon.ico
2017-11-28 02:50:21 info Access denied: \Controller\ErrorController -> actionNotFound
2017-11-28 02:54:44 info Access denied: \Controller\IndexController -> actionIndex
2017-11-28 02:54:44 info Access denied: \Controller\ErrorController -> actionServer
2017-11-28 02:54:44 warning Route does not found: favicon.ico
2017-11-28 02:54:44 info Access denied: \Controller\ErrorController -> actionNotFound
2017-11-28 02:55:10 info Access denied: authorization -> login
2017-11-28 02:57:55 info Access denied: authorization -> login
2017-11-28 02:58:03 info Access denied: index -> index
2017-11-28 02:58:08 info Access denied: index -> index
2017-11-28 02:59:13 info Access denied: index -> index
2017-11-28 02:59:14 warning Route does not found: favicon.ico
2017-11-28 02:59:17 info Access denied: index -> index
2017-11-28 02:59:17 warning Route does not found: favicon.ico
2017-11-28 03:01:12 info Access denied: index -> index
2017-11-28 03:01:12 warning Route does not found: favicon.ico
2017-11-28 03:01:50 info Access denied: index -> index
2017-11-28 03:01:50 warning Route does not found: favicon.ico
2017-11-28 03:03:12 info Access denied: index -> index
2017-11-28 03:03:12 warning Route does not found: favicon.ico
2017-11-28 03:03:16 info Access denied: index -> index
2017-11-28 03:03:16 warning Route does not found: favicon.ico
2017-11-28 03:04:26 warning Route does not found: favicon.ico
2017-11-28 03:04:30 warning Route does not found: favicon.ico
2017-11-28 03:04:48 info Access denied: request -> show_list
2017-11-28 03:22:03 info Please fill in all fields without errors
2017-11-28 03:22:09 info Please fill in all fields without errors
2017-11-28 03:22:22 info End date should be greater or equal than start date
2017-11-28 03:24:16 info End date should be greater or equal than start date
2017-11-28 03:24:23 info Please fill in all fields without errors
2017-11-28 03:24:27 info Please fill in all fields without errors
2017-11-28 03:24:44 info End date should be greater or equal than start date
2017-11-28 03:24:47 info End date should be greater or equal than start date
2017-11-28 03:24:53 info Please fill in all fields without errors
2017-11-28 04:01:47 warning Route does not found: favicon.ico
2017-11-28 04:02:55 warning Route does not found: favicon.ico
2017-11-28 04:03:17 warning Route does not found: favicon.ico
2017-11-28 04:04:57 info Please fill in all fields without errors
2017-11-28 04:05:05 warning Route does not found: favicon.ico
2017-11-28 04:13:14 info User has not enough days
2017-11-28 04:24:10 info Access denied. You can not edit not NEW request
2017-11-28 04:24:37 warning Route does not found: request/accept/29
2017-11-28 04:24:52 info Access denied: request -> change_status
2017-11-28 04:25:00 warning Route does not found: request/accept/29
